#! /opt/homebrew/Cellar/icarus-verilog/12.0/bin/vvp
:ivl_version "12.0 (stable)";
:ivl_delay_selection "TYPICAL";
:vpi_time_precision - 12;
:vpi_module "/opt/homebrew/Cellar/icarus-verilog/12.0/lib/ivl/system.vpi";
:vpi_module "/opt/homebrew/Cellar/icarus-verilog/12.0/lib/ivl/vhdl_sys.vpi";
:vpi_module "/opt/homebrew/Cellar/icarus-verilog/12.0/lib/ivl/vhdl_textio.vpi";
:vpi_module "/opt/homebrew/Cellar/icarus-verilog/12.0/lib/ivl/v2005_math.vpi";
:vpi_module "/opt/homebrew/Cellar/icarus-verilog/12.0/lib/ivl/va_math.vpi";
:vpi_module "/opt/homebrew/Cellar/icarus-verilog/12.0/lib/ivl/v2009.vpi";
S_0x158e192a0 .scope package, "$unit" "$unit" 2 1;
 .timescale 0 0;
S_0x158e18be0 .scope module, "collision_check" "collision_check" 3 11;
 .timescale -9 -12;
    .port_info 0 /INPUT 1 "pixel_clk_in";
    .port_info 1 /INPUT 1 "rst_in";
    .port_info 2 /INPUT 11 "hcount_in";
    .port_info 3 /INPUT 10 "vcount_in";
    .port_info 4 /INPUT 1 "new_frame";
    .port_info 5 /INPUT 12 "offset";
    .port_info 6 /INPUT 26 "y_bounds_start_coins";
    .port_info 7 /INPUT 26 "x_bounds_start_coins";
    .port_info 8 /INPUT 1 "collision_info";
    .port_info 9 /OUTPUT 1 "collision_out";
    .port_info 10 /OUTPUT 2 "coin_effect";
P_0x158e08b00 .param/l "HEIGHT" 0 3 12, +C4<00000000000000000000000000001111>;
P_0x158e08b40 .param/l "WIDTH" 0 3 12, +C4<00000000000000000000000011010011>;
v0x158e2baa0_1 .array/port v0x158e2baa0, 1;
L_0x158e2d050 .functor OR 1, v0x158e2baa0_1, v0x158e2c0f0_0, C4<0>, C4<0>;
L_0x158e2d0c0 .functor OR 1, v0x158e2c0f0_0, v0x158e2baa0_1, C4<0>, C4<0>;
L_0x158e2d1b0 .functor BUFZ 2, v0x158e2b8a0_0, C4<00>, C4<00>, C4<00>;
v0x158e2afa0_0 .net *"_ivl_0", 11 0, L_0x158e2c640;  1 drivers
v0x158e2b060_0 .net *"_ivl_10", 31 0, L_0x158e2c9a0;  1 drivers
L_0x150078058 .functor BUFT 1, C4<000000000000000000000000>, C4<0>, C4<0>, C4<0>;
v0x158e2b110_0 .net *"_ivl_13", 23 0, L_0x150078058;  1 drivers
v0x158e2b1d0_0 .net *"_ivl_14", 31 0, L_0x158e2cb10;  1 drivers
L_0x1500780a0 .functor BUFT 1, C4<00000000000000000000000000>, C4<0>, C4<0>, C4<0>;
v0x158e2b280_0 .net *"_ivl_17", 25 0, L_0x1500780a0;  1 drivers
L_0x1500780e8 .functor BUFT 1, C4<00000000000000000000000011010011>, C4<0>, C4<0>, C4<0>;
v0x158e2b370_0 .net/2u *"_ivl_18", 31 0, L_0x1500780e8;  1 drivers
v0x158e2b420_0 .net *"_ivl_21", 31 0, L_0x158e2cc60;  1 drivers
v0x158e2b4d0_0 .net *"_ivl_22", 31 0, L_0x158e2cde0;  1 drivers
L_0x150078010 .functor BUFT 1, C4<0>, C4<0>, C4<0>, C4<0>;
v0x158e2b580_0 .net *"_ivl_3", 0 0, L_0x150078010;  1 drivers
v0x158e2b690_0 .net *"_ivl_9", 7 0, L_0x158e2c8a0;  1 drivers
v0x158e2b740_0 .var "coin_array_out", 1 0;
v0x158e2b7f0_0 .var "coin_array_out_sync", 1 0;
v0x158e2b8a0_0 .var "coin_counter", 1 0;
v0x158e2b950_0 .net "coin_effect", 1 0, L_0x158e2d1b0;  1 drivers
o0x150040310 .functor BUFZ 1, C4<z>; HiZ drive
v0x158e2ba00_0 .net "collision_info", 0 0, o0x150040310;  0 drivers
v0x158e2baa0 .array "collision_info_pipe", 0 3, 0 0;
RS_0x150040400 .resolv tri, L_0x158e2d050, L_0x158e2d0c0;
v0x158e2bb90_0 .net8 "collision_out", 0 0, RS_0x150040400;  2 drivers
o0x150040430 .functor BUFZ 11, C4<zzzzzzzzzzz>; HiZ drive
v0x158e2bd20_0 .net "hcount_in", 10 0, o0x150040430;  0 drivers
v0x158e2bdb0_0 .net "hcount_offset", 11 0, L_0x158e2c6e0;  1 drivers
v0x158e2be50_0 .net "image_addr", 11 0, L_0x158e2cf20;  1 drivers
o0x1500404c0 .functor BUFZ 1, C4<z>; HiZ drive
v0x158e2bf00_0 .net "new_frame", 0 0, o0x1500404c0;  0 drivers
o0x1500404f0 .functor BUFZ 12, C4<zzzzzzzzzzzz>; HiZ drive
v0x158e2bfa0_0 .net "offset", 11 0, o0x1500404f0;  0 drivers
o0x150040520 .functor BUFZ 1, C4<z>; HiZ drive
v0x158e2c050_0 .net "pixel_clk_in", 0 0, o0x150040520;  0 drivers
v0x158e2c0f0_0 .var "read_collision", 0 0;
o0x150040580 .functor BUFZ 1, C4<z>; HiZ drive
v0x158e2c190_0 .net "rst_in", 0 0, o0x150040580;  0 drivers
o0x1500405b0 .functor BUFZ 10, C4<zzzzzzzzzz>; HiZ drive
v0x158e2c230_0 .net "vcount_in", 9 0, o0x1500405b0;  0 drivers
v0x158e2c2e0_0 .net "vcount_offset", 9 4, L_0x158e2c7e0;  1 drivers
o0x150040610 .functor BUFZ 13, C4<zzzzzzzzzzzzz>; HiZ drive
v0x158e2c390 .array "x_bounds_start_coins", 0 1;
v0x158e2c390_0 .net v0x158e2c390 0, 12 0, o0x150040610; 0 drivers
o0x150040640 .functor BUFZ 13, C4<zzzzzzzzzzzzz>; HiZ drive
v0x158e2c390_1 .net v0x158e2c390 1, 12 0, o0x150040640; 0 drivers
o0x150040670 .functor BUFZ 13, C4<zzzzzzzzzzzzz>; HiZ drive
v0x158e2c460 .array "y_bounds_start_coins", 0 1;
v0x158e2c460_0 .net v0x158e2c460 0, 12 0, o0x150040670; 0 drivers
o0x1500406a0 .functor BUFZ 13, C4<zzzzzzzzzzzzz>; HiZ drive
v0x158e2c460_1 .net v0x158e2c460 1, 12 0, o0x1500406a0; 0 drivers
E_0x158e0a070 .event posedge, v0x158e2c050_0;
E_0x158e0ba20/0 .event anyedge, v0x158e2bd20_0, v0x158e2c390_0, v0x158e2c390_1, v0x158e2c230_0;
E_0x158e0ba20/1 .event anyedge, v0x158e2c460_0, v0x158e2c460_1, v0x158e2c0f0_0, v0x158e2baa0_1;
E_0x158e0ba20 .event/or E_0x158e0ba20/0, E_0x158e0ba20/1;
L_0x158e2c640 .concat [ 11 1 0 0], o0x150040430, L_0x150078010;
L_0x158e2c6e0 .arith/sum 12, L_0x158e2c640, o0x1500404f0;
L_0x158e2c7e0 .part o0x1500405b0, 4, 6;
L_0x158e2c8a0 .part L_0x158e2c6e0, 4, 8;
L_0x158e2c9a0 .concat [ 8 24 0 0], L_0x158e2c8a0, L_0x150078058;
L_0x158e2cb10 .concat [ 6 26 0 0], L_0x158e2c7e0, L_0x1500780a0;
L_0x158e2cc60 .arith/mult 32, L_0x158e2cb10, L_0x1500780e8;
L_0x158e2cde0 .arith/sum 32, L_0x158e2c9a0, L_0x158e2cc60;
L_0x158e2cf20 .part L_0x158e2cde0, 0, 12;
S_0x158e195d0 .scope begin, "$ivl_for_loop0" "$ivl_for_loop0" 3 67, 3 67 0, S_0x158e18be0;
 .timescale -9 -12;
v0x158e1a450_0 .var/2s "i", 31 0;
S_0x158e2ad40 .scope begin, "$ivl_for_loop1" "$ivl_for_loop1" 3 115, 3 115 0, S_0x158e18be0;
 .timescale -9 -12;
v0x158e2af10_0 .var/2s "i", 31 0;
    .scope S_0x158e18be0;
T_0 ;
    %wait E_0x158e0a070;
    %load/vec4 v0x158e2ba00_0;
    %ix/load 3, 0, 0;
    %flag_set/imm 4, 0;
    %ix/load 4, 0, 0; Constant delay
    %assign/vec4/a/d v0x158e2baa0, 0, 4;
    %fork t_1, S_0x158e195d0;
    %jmp t_0;
    .scope S_0x158e195d0;
t_1 ;
    %pushi/vec4 1, 0, 32;
    %store/vec4 v0x158e1a450_0, 0, 32;
T_0.0 ;
    %load/vec4 v0x158e1a450_0;
    %cmpi/s 3, 0, 32;
    %jmp/0xz T_0.1, 5;
    %load/vec4 v0x158e1a450_0;
    %subi 1, 0, 32;
    %ix/vec4/s 4;
    %load/vec4a v0x158e2baa0, 4;
    %ix/getv/s 3, v0x158e1a450_0;
    %ix/load 4, 0, 0; Constant delay
    %assign/vec4/a/d v0x158e2baa0, 0, 4;
    %load/vec4 v0x158e1a450_0;
    %addi 1, 0, 32;
    %cast2;
    %store/vec4 v0x158e1a450_0, 0, 32;
    %jmp T_0.0;
T_0.1 ;
    %end;
    .scope S_0x158e18be0;
t_0 %join;
    %jmp T_0;
    .thread T_0;
    .scope S_0x158e18be0;
T_1 ;
Ewait_0 .event/or E_0x158e0ba20, E_0x0;
    %wait Ewait_0;
    %pushi/vec4 0, 0, 2;
    %store/vec4 v0x158e2b740_0, 0, 2;
    %fork t_3, S_0x158e2ad40;
    %jmp t_2;
    .scope S_0x158e2ad40;
t_3 ;
    %pushi/vec4 0, 0, 32;
    %store/vec4 v0x158e2af10_0, 0, 32;
T_1.0 ;
    %load/vec4 v0x158e2af10_0;
    %cmpi/s 2, 0, 32;
    %jmp/0xz T_1.1, 5;
    %load/vec4 v0x158e2bd20_0;
    %pad/u 13;
    %ix/getv/s 4, v0x158e2af10_0;
    %load/vec4a v0x158e2c390, 4;
    %cmp/e;
    %flag_get/vec4 4;
    %jmp/0 T_1.4, 4;
    %load/vec4 v0x158e2c230_0;
    %pad/u 13;
    %ix/getv/s 4, v0x158e2af10_0;
    %load/vec4a v0x158e2c460, 4;
    %cmp/e;
    %flag_get/vec4 4;
    %and;
T_1.4;
    %flag_set/vec4 8;
    %jmp/0xz  T_1.2, 8;
    %load/vec4 v0x158e2c0f0_0;
    %flag_set/vec4 8;
    %flag_get/vec4 8;
    %jmp/1 T_1.5, 8;
    %ix/load 4, 1, 0;
    %flag_set/imm 4, 0;
    %load/vec4a v0x158e2baa0, 4;
    %or;
T_1.5;
    %ix/getv/s 4, v0x158e2af10_0;
    %store/vec4 v0x158e2b740_0, 4, 1;
T_1.2 ;
    %load/vec4 v0x158e2af10_0;
    %addi 1, 0, 32;
    %cast2;
    %store/vec4 v0x158e2af10_0, 0, 32;
    %jmp T_1.0;
T_1.1 ;
    %end;
    .scope S_0x158e18be0;
t_2 %join;
    %jmp T_1;
    .thread T_1, $push;
    .scope S_0x158e18be0;
T_2 ;
    %wait E_0x158e0a070;
    %load/vec4 v0x158e2b740_0;
    %assign/vec4 v0x158e2b7f0_0, 0;
    %jmp T_2;
    .thread T_2;
    .scope S_0x158e18be0;
T_3 ;
    %wait E_0x158e0a070;
    %load/vec4 v0x158e2bf00_0;
    %flag_set/vec4 8;
    %jmp/0xz  T_3.0, 8;
    %pushi/vec4 0, 0, 2;
    %assign/vec4 v0x158e2b8a0_0, 0;
    %jmp T_3.1;
T_3.0 ;
    %load/vec4 v0x158e2b7f0_0;
    %assign/vec4 v0x158e2b8a0_0, 0;
T_3.1 ;
    %jmp T_3;
    .thread T_3;
# The file index is used to find the file name in the following table.
:file_names 4;
    "N/A";
    "<interactive>";
    "-";
    "collision_check.sv";
